#
# A fatal error has been detected by the Java Runtime Environment:
#
#  EXCEPTION_ACCESS_VIOLATION (0xc0000005) at pc=0x000001f900000001, pid=21132, tid=17740
#
# JRE version: OpenJDK Runtime Environment Temurin-17.0.10+7 (17.0.10+7) (build 17.0.10+7)
# Java VM: OpenJDK 64-Bit Server VM Temurin-17.0.10+7 (17.0.10+7, mixed mode, tiered, compressed oops, compressed class ptrs, parallel gc, windows-amd64)
# Problematic frame:
# C  0x000001f9eb8afc98
#
# No core dump will be written. Minidumps are not enabled by default on client versions of Windows
#
# If you would like to submit a bug report, please visit:
#   https://github.com/adoptium/adoptium-support/issues
#

---------------  S U M M A R Y ------------

Command Line: --add-modules=ALL-SYSTEM --add-opens=java.base/java.util=ALL-UNNAMED --add-opens=java.base/java.lang=ALL-UNNAMED --add-opens=java.base/sun.nio.fs=ALL-UNNAMED -Declipse.application=org.eclipse.jdt.ls.core.id1 -Dosgi.bundles.defaultStartLevel=4 -Declipse.product=org.eclipse.jdt.ls.core.product -Djava.import.generatesMetadataFilesAtProjectRoot=false -DDetectVMInstallationsJob.disabled=true -Dfile.encoding=utf8 -XX:+UseParallelGC -XX:GCTimeRatio=4 -XX:AdaptiveSizePolicyWeight=90 -Dsun.zip.disableMemoryMapping=true -Xmx1G -Xms100m -Xlog:disable -javaagent:c:\Users\Dr Mostafa Elezaby\.vscode\extensions\redhat.java-1.29.0-win32-x64\lombok\lombok-1.18.32.jar -XX:+HeapDumpOnOutOfMemoryError -XX:HeapDumpPath=c:\Users\Dr Mostafa Elezaby\AppData\Roaming\Code\User\workspaceStorage\7c0e7d41a39ce3f62b6ceb789c26b3ea\redhat.java -Daether.dependencyCollector.impl=bf c:\Users\Dr Mostafa Elezaby\.vscode\extensions\redhat.java-1.29.0-win32-x64\server\plugins\org.eclipse.equinox.launcher_1.6.800.v20240304-1850.jar -configuration c:\Users\Dr Mostafa Elezaby\AppData\Roaming\Code\User\globalStorage\redhat.java\1.29.0\config_win -data c:\Users\Dr Mostafa Elezaby\AppData\Roaming\Code\User\workspaceStorage\7c0e7d41a39ce3f62b6ceb789c26b3ea\redhat.java\jdt_ws --stdio

Host: Intel(R) Core(TM) i7-9700K CPU @ 3.60GHz, 8 cores, 63G,  Windows 11 , 64 bit Build 22000 (10.0.22000.1761)
Time: Sat Apr 20 19:41:08 2024 Egypt Standard Time elapsed time: 16.680298 seconds (0d 0h 0m 16s)

---------------  T H R E A D  ---------------

Current thread (0x000001f9e982d9b0):  JavaThread "C2 CompilerThread2" daemon [_thread_in_native, id=17740, stack(0x0000009c49000000,0x0000009c49100000)]


Current CompileTask:
C2:  16680 11465       4       org.eclipse.jdt.internal.compiler.lookup.Scope$Substitutor::substitute (850 bytes)

Stack: [0x0000009c49000000,0x0000009c49100000],  sp=0x0000009c490fb868,  free space=1006k
Native frames: (J=compiled Java code, j=interpreted, Vv=VM code, C=native code)
C  0x000001f900000001


siginfo: EXCEPTION_ACCESS_VIOLATION (0xc0000005), data execution prevention violation at address 0x000001f900000001


Registers:
RAX=0x000000002752fc30, RBX=0x000001f9eb6bbd78, RCX=0x0000000000000073, RDX=0x0000000000000000
RSP=0x0000009c490fb860, RBP=0x0000000000000228, RSI=0x000001f9000003c2, RDI=0x000001f9ea9f5d00
R8 =0x00000000000003c2, R9 =0x0000009c490fb930, R10=0x000000000000012c, R11=0x0000000000000000
R12=0x000001f9eb6bbd78, R13=0x00007ff8468b8cec, R14=0x0000009c490fbdf0, R15=0x0000000000000f08
RIP=0x000001f900000001, EFLAGS=0x0000000000010206


Register to memory mapping:

RIP=0x000001f900000001 is an unknown value
RAX=0x000000002752fc30 is an unknown value
RBX=0x000001f9eb6bbd78 points into unknown readable memory: 0x00007ff846b95e18 | 18 5e b9 46 f8 7f 00 00
RCX=0x0000000000000073 is an unknown value
RDX=0x0 is NULL
RSP=0x0000009c490fb860 is pointing into the stack for thread: 0x000001f9e982d9b0
RBP=0x0000000000000228 is an unknown value
RSI=0x000001f9000003c2 is an unknown value
RDI=0x000001f9ea9f5d00 points into unknown readable memory: 0x000001f90000012c | 2c 01 00 00 f9 01 00 00
R8 =0x00000000000003c2 is an unknown value
R9 =0x0000009c490fb930 is pointing into the stack for thread: 0x000001f9e982d9b0
R10=0x000000000000012c is an unknown value
R11=0x0 is NULL
R12=0x000001f9eb6bbd78 points into unknown readable memory: 0x00007ff846b95e18 | 18 5e b9 46 f8 7f 00 00
R13=0x00007ff8468b8cec jvm.dll
R14=0x0000009c490fbdf0 is pointing into the stack for thread: 0x000001f9e982d9b0
R15=0x0000000000000f08 is an unknown value


Top of Stack: (sp=0x0000009c490fb860)
0x0000009c490fb860:   000001f9eb8afc98 000001f9ea9f3cf0
0x0000009c490fb870:   0000000000000000 000001f9ea9f5d00
0x0000009c490fb880:   0000009c490fc778 00007ff8468be6bb
0x0000009c490fb890:   000001f9ea9f5d00 000001f9ea9f5d00
0x0000009c490fb8a0:   0000009c490fbdf0 0000000000000001
0x0000009c490fb8b0:   0000009c490fb938 00007ff84690aaa2
0x0000009c490fb8c0:   000000000000a7b0 000001f9ea9fbcd8
0x0000009c490fb8d0:   0000000000000000 000001f9eb8afc98
0x0000009c490fb8e0:   000001f9eb8afc98 0000000000000000
0x0000009c490fb8f0:   0000009c490fbdf0 0000000000000006
0x0000009c490fb900:   000001f9e96aa1c0 0000000000000000
0x0000009c490fb910:   0000000000000005 00007ff8468bdc87
0x0000009c490fb920:   000001f90000fffe 00007ff800000116
0x0000009c490fb930:   0000000000000001 0000000000000001
0x0000009c490fb940:   0000009c490fbdf0 0000000000000001
0x0000009c490fb950:   0000009c490fb9d8 0000000000000008
0x0000009c490fb960:   000000000000a7b0 000001f9ea9fbcd8
0x0000009c490fb970:   000001f900000000 000001f9eb8afc98
0x0000009c490fb980:   000001f9eb8afc98 0000009c490fbdf0
0x0000009c490fb990:   0000000000000000 0000000000000000
0x0000009c490fb9a0:   fffffffffffffff8 0000009c490fba08
0x0000009c490fb9b0:   000001f9eb8afc98 00007ff8468bf48b
0x0000009c490fb9c0:   0000009c490fbdf0 000001f9eb8afc98
0x0000009c490fb9d0:   000001f900000005 000001f9eb8afc98
0x0000009c490fb9e0:   000001f9f78530b0 000001f9f78fad20
0x0000009c490fb9f0:   000001f9f7852020 000001f9ecf95ae0
0x0000009c490fba00:   0000009c490fe870 0000000000000000
0x0000009c490fba10:   0000000000000000 0000009c490fbdf0
0x0000009c490fba20:   0000009c490fbab0 00007ff8468bd9e4
0x0000009c490fba30:   0000000000000006 0000000000004d5b
0x0000009c490fba40:   0000000000000006 000001f9e851dcb0
0x0000009c490fba50:   0000000000100000 0000000000000000 

Instructions: (pc=0x000001f9eb8afc98)
0x000001f9eb8afb98:   ff ff ff ff ff ff ff ff 0b 00 00 00 0b 00 00 00
0x000001f9eb8afba8:   00 00 00 00 00 00 00 00 84 1b 00 00 03 00 00 00
0x000001f9eb8afbb8:   00 00 00 00 00 00 00 00 20 c2 52 e8 f9 01 00 00
0x000001f9eb8afbc8:   00 00 00 00 00 00 00 00 00 00 00 00 00 00 00 00
0x000001f9eb8afbd8:   00 00 00 00 00 00 00 00 00 00 00 00 00 00 00 00
0x000001f9eb8afbe8:   00 00 00 00 00 00 00 00 00 00 00 00 00 00 00 00
0x000001f9eb8afbf8:   00 00 00 00 00 00 00 00 00 00 00 00 00 00 00 00
0x000001f9eb8afc08:   00 00 00 00 00 00 00 00 00 00 00 00 00 00 00 00
0x000001f9eb8afc18:   00 00 00 00 00 00 00 00 00 00 00 00 00 00 00 00
0x000001f9eb8afc28:   00 00 00 00 00 00 00 00 00 00 00 00 00 00 00 00
0x000001f9eb8afc38:   88 fb 8a eb f9 01 00 00 c0 00 e1 eb f9 01 00 00
0x000001f9eb8afc48:   c0 00 e1 eb f9 01 00 00 18 71 e4 f6 f9 01 00 00
0x000001f9eb8afc58:   a8 13 8b eb f9 01 00 00 80 15 90 eb f9 01 00 00
0x000001f9eb8afc68:   c0 00 e1 eb f9 01 00 00 00 00 00 00 00 00 00 00
0x000001f9eb8afc78:   98 fc 8a eb f9 01 00 00 78 bd 6b eb f9 01 00 00
0x000001f9eb8afc88:   00 00 00 00 00 00 00 00 00 00 00 00 00 00 00 00
0x000001f9eb8afc98:   f8 c7 bd 46 f8 7f 00 00 30 fd 8a eb f9 01 00 00
0x000001f9eb8afca8:   78 02 8b eb f9 01 00 00 45 00 00 00 80 00 00 00
0x000001f9eb8afcb8:   02 00 00 00 04 00 00 00 13 05 00 00 1f 00 00 00
0x000001f9eb8afcc8:   00 00 00 00 00 00 00 00 60 c2 52 e8 f9 01 00 00
0x000001f9eb8afcd8:   00 00 00 00 00 00 00 00 00 00 00 00 00 00 00 00
0x000001f9eb8afce8:   01 00 00 00 00 00 00 00 68 a2 6a e9 f9 01 00 00
0x000001f9eb8afcf8:   00 66 4c d9 f9 01 00 00 17 b7 d1 38 00 00 00 00
0x000001f9eb8afd08:   00 00 00 00 00 00 00 00 60 e0 bd 46 f8 7f 00 00
0x000001f9eb8afd18:   00 00 00 00 00 00 00 00 00 00 00 00 00 00 00 00
0x000001f9eb8afd28:   00 00 00 00 00 00 00 00 a0 f9 8a eb f9 01 00 00
0x000001f9eb8afd38:   08 bd 06 ea f9 01 00 00 f0 ee 8a eb f9 01 00 00
0x000001f9eb8afd48:   f8 0e 7c e8 f9 01 00 00 20 10 7c e8 f9 01 00 00
0x000001f9eb8afd58:   c0 77 e6 ec f9 01 00 00 58 3e 72 f6 f9 01 00 00
0x000001f9eb8afd68:   58 3e 72 f6 f9 01 00 00 58 3e 72 f6 f9 01 00 00
0x000001f9eb8afd78:   58 3e 72 f6 f9 01 00 00 58 3e 72 f6 f9 01 00 00
0x000001f9eb8afd88:   58 3e 72 f6 f9 01 00 00 58 3e 72 f6 f9 01 00 00 


Stack slot to memory mapping:
stack at sp + 0 slots: 0x000001f9ea9f3cf0 points into unknown readable memory: 0x0000000000000000 | 00 00 00 00 00 00 00 00
stack at sp + 1 slots: 0x0 is NULL
stack at sp + 2 slots: 0x000001f9ea9f5d00 points into unknown readable memory: 0x000001f90000012c | 2c 01 00 00 f9 01 00 00
stack at sp + 3 slots: 0x0000009c490fc778 is pointing into the stack for thread: 0x000001f9e982d9b0
stack at sp + 4 slots: 0x00007ff8468be6bb jvm.dll
stack at sp + 5 slots: 0x000001f9ea9f5d00 points into unknown readable memory: 0x000001f90000012c | 2c 01 00 00 f9 01 00 00
stack at sp + 6 slots: 0x000001f9ea9f5d00 points into unknown readable memory: 0x000001f90000012c | 2c 01 00 00 f9 01 00 00
stack at sp + 7 slots: 0x0000009c490fbdf0 is pointing into the stack for thread: 0x000001f9e982d9b0


---------------  P R O C E S S  ---------------

Threads class SMR info:
_java_thread_list=0x000001f9fe1546c0, length=40, elements={
0x000001f9cf2a0750, 0x000001f9cf35dff0, 0x000001f9e3133f60, 0x000001f9e313dcd0,
0x000001f9e313e5a0, 0x000001f9e84b8a40, 0x000001f9e84b9310, 0x000001f9e84ba6b0,
0x000001f9e84c2840, 0x000001f9e84c7590, 0x000001f9e85a7410, 0x000001f9e87f1ce0,
0x000001f9e9c478f0, 0x000001f9e9c82d70, 0x000001f9e9f13120, 0x000001f9ea1cded0,
0x000001f9ea674890, 0x000001f9ea3cfa80, 0x000001f9ea3d18e0, 0x000001f9ea3d2300,
0x000001f9ea3d13d0, 0x000001f9ea3cff90, 0x000001f9ea3d1df0, 0x000001f9ea3d04a0,
0x000001f9ea3d09b0, 0x000001f9ea3d2810, 0x000001f9ea3d0ec0, 0x000001f9ebccea60,
0x000001f9ebcccc00, 0x000001f9ebcce040, 0x000001f9ebcd03b0, 0x000001f9ebcd2210,
0x000001f9ebcd12e0, 0x000001f9ebcd2720, 0x000001f9ebcd0dd0, 0x000001f9ebcd3140,
0x000001f9ebcd17f0, 0x000001f9e982cf10, 0x000001f9e982d9b0, 0x000001f9ebcd4580
}

Java Threads: ( => current thread )
  0x000001f9cf2a0750 JavaThread "main" [_thread_blocked, id=11244, stack(0x0000009c46f00000,0x0000009c47000000)]
  0x000001f9cf35dff0 JavaThread "Reference Handler" daemon [_thread_blocked, id=18492, stack(0x0000009c47200000,0x0000009c47300000)]
  0x000001f9e3133f60 JavaThread "Finalizer" daemon [_thread_blocked, id=19440, stack(0x0000009c47300000,0x0000009c47400000)]
  0x000001f9e313dcd0 JavaThread "Signal Dispatcher" daemon [_thread_blocked, id=20248, stack(0x0000009c47400000,0x0000009c47500000)]
  0x000001f9e313e5a0 JavaThread "Attach Listener" daemon [_thread_blocked, id=20084, stack(0x0000009c47500000,0x0000009c47600000)]
  0x000001f9e84b8a40 JavaThread "Service Thread" daemon [_thread_blocked, id=20180, stack(0x0000009c47600000,0x0000009c47700000)]
  0x000001f9e84b9310 JavaThread "Monitor Deflation Thread" daemon [_thread_blocked, id=5232, stack(0x0000009c47700000,0x0000009c47800000)]
  0x000001f9e84ba6b0 JavaThread "C2 CompilerThread0" daemon [_thread_in_native, id=20588, stack(0x0000009c47800000,0x0000009c47900000)]
  0x000001f9e84c2840 JavaThread "C1 CompilerThread0" daemon [_thread_blocked, id=4536, stack(0x0000009c47900000,0x0000009c47a00000)]
  0x000001f9e84c7590 JavaThread "Sweeper thread" daemon [_thread_blocked, id=19072, stack(0x0000009c47a00000,0x0000009c47b00000)]
  0x000001f9e85a7410 JavaThread "Common-Cleaner" daemon [_thread_blocked, id=19000, stack(0x0000009c47b00000,0x0000009c47c00000)]
  0x000001f9e87f1ce0 JavaThread "Notification Thread" daemon [_thread_blocked, id=4128, stack(0x0000009c47d00000,0x0000009c47e00000)]
  0x000001f9e9c478f0 JavaThread "Active Thread: Equinox Container: 4aefffdc-cac9-4f4a-a9e8-f1ede1a485db" [_thread_blocked, id=13436, stack(0x0000009c48600000,0x0000009c48700000)]
  0x000001f9e9c82d70 JavaThread "Framework Event Dispatcher: Equinox Container: 4aefffdc-cac9-4f4a-a9e8-f1ede1a485db" daemon [_thread_blocked, id=2884, stack(0x0000009c48700000,0x0000009c48800000)]
  0x000001f9e9f13120 JavaThread "Start Level: Equinox Container: 4aefffdc-cac9-4f4a-a9e8-f1ede1a485db" daemon [_thread_blocked, id=10276, stack(0x0000009c48800000,0x0000009c48900000)]
  0x000001f9ea1cded0 JavaThread "Bundle File Closer" daemon [_thread_blocked, id=18804, stack(0x0000009c48a00000,0x0000009c48b00000)]
  0x000001f9ea674890 JavaThread "SCR Component Actor" daemon [_thread_blocked, id=15776, stack(0x0000009c48b00000,0x0000009c48c00000)]
  0x000001f9ea3cfa80 JavaThread "Worker-JM" [_thread_blocked, id=19200, stack(0x0000009c48d00000,0x0000009c48e00000)]
  0x000001f9ea3d18e0 JavaThread "Worker-0" [_thread_blocked, id=19216, stack(0x0000009c47f00000,0x0000009c48000000)]
  0x000001f9ea3d2300 JavaThread "Worker-1" [_thread_blocked, id=19256, stack(0x0000009c48e00000,0x0000009c48f00000)]
  0x000001f9ea3d13d0 JavaThread "Worker-2" [_thread_blocked, id=16144, stack(0x0000009c48f00000,0x0000009c49000000)]
  0x000001f9ea3cff90 JavaThread "Java indexing" daemon [_thread_blocked, id=9500, stack(0x0000009c49100000,0x0000009c49200000)]
  0x000001f9ea3d1df0 JavaThread "Worker-3: Shutdown..." [_thread_blocked, id=11800, stack(0x0000009c49200000,0x0000009c49300000)]
  0x000001f9ea3d04a0 JavaThread "JNA Cleaner" daemon [_thread_blocked, id=20540, stack(0x0000009c49300000,0x0000009c49400000)]
  0x000001f9ea3d09b0 JavaThread "pool-2-thread-1" [_thread_blocked, id=8436, stack(0x0000009c49600000,0x0000009c49700000)]
  0x000001f9ea3d2810 JavaThread "WorkspaceEventsHandler" [_thread_blocked, id=17588, stack(0x0000009c49700000,0x0000009c49800000)]
  0x000001f9ea3d0ec0 JavaThread "pool-1-thread-1" [_thread_in_native, id=19232, stack(0x0000009c49800000,0x0000009c49900000)]
  0x000001f9ebccea60 JavaThread "Worker-4" [_thread_blocked, id=5276, stack(0x0000009c49900000,0x0000009c49a00000)]
  0x000001f9ebcccc00 JavaThread "Worker-5" [_thread_blocked, id=20416, stack(0x0000009c48c00000,0x0000009c48d00000)]
  0x000001f9ebcce040 JavaThread "ForkJoinPool.commonPool-worker-1" daemon [_thread_blocked, id=13052, stack(0x0000009c49a00000,0x0000009c49b00000)]
  0x000001f9ebcd03b0 JavaThread "ForkJoinPool.commonPool-worker-2" daemon [_thread_blocked, id=11832, stack(0x0000009c49b00000,0x0000009c49c00000)]
  0x000001f9ebcd2210 JavaThread "ForkJoinPool.commonPool-worker-3" daemon [_thread_blocked, id=20368, stack(0x0000009c49c00000,0x0000009c49d00000)]
  0x000001f9ebcd12e0 JavaThread "ForkJoinPool.commonPool-worker-4" daemon [_thread_blocked, id=20936, stack(0x0000009c49d00000,0x0000009c49e00000)]
  0x000001f9ebcd2720 JavaThread "ForkJoinPool.commonPool-worker-5" daemon [_thread_blocked, id=20576, stack(0x0000009c49f00000,0x0000009c4a000000)]
  0x000001f9ebcd0dd0 JavaThread "ForkJoinPool.commonPool-worker-6" daemon [_thread_blocked, id=9784, stack(0x0000009c4a000000,0x0000009c4a100000)]
  0x000001f9ebcd3140 JavaThread "ForkJoinPool.commonPool-worker-7" daemon [_thread_blocked, id=4272, stack(0x0000009c4a100000,0x0000009c4a200000)]
  0x000001f9ebcd17f0 JavaThread "Cleaner-0" daemon [_thread_blocked, id=20528, stack(0x0000009c4a200000,0x0000009c4a300000)]
  0x000001f9e982cf10 JavaThread "C2 CompilerThread1" daemon [_thread_in_native, id=13448, stack(0x0000009c47c00000,0x0000009c47d00000)]
=>0x000001f9e982d9b0 JavaThread "C2 CompilerThread2" daemon [_thread_in_native, id=17740, stack(0x0000009c49000000,0x0000009c49100000)]
  0x000001f9ebcd4580 JavaThread "ForkJoinPool-2-worker-1" daemon [_thread_in_native, id=19812, stack(0x0000009c49e00000,0x0000009c49f00000)]

Other Threads:
  0x000001f9e8470c20 VMThread "VM Thread" [stack: 0x0000009c47100000,0x0000009c47200000] [id=19816]
  0x000001f9e880c9b0 WatcherThread [stack: 0x0000009c47e00000,0x0000009c47f00000] [id=17860]
  0x000001f9cf2b6a50 GCTaskThread "GC Thread#0" [stack: 0x0000009c47000000,0x0000009c47100000] [id=19104]
  0x000001f9e9938e70 GCTaskThread "GC Thread#1" [stack: 0x0000009c48000000,0x0000009c48100000] [id=5284]
  0x000001f9e98a4700 GCTaskThread "GC Thread#2" [stack: 0x0000009c48100000,0x0000009c48200000] [id=15572]
  0x000001f9e98a49c0 GCTaskThread "GC Thread#3" [stack: 0x0000009c48200000,0x0000009c48300000] [id=11136]
  0x000001f9e98a4c80 GCTaskThread "GC Thread#4" [stack: 0x0000009c48300000,0x0000009c48400000] [id=13996]
  0x000001f9e98a4f40 GCTaskThread "GC Thread#5" [stack: 0x0000009c48400000,0x0000009c48500000] [id=15528]
  0x000001f9e98a5200 GCTaskThread "GC Thread#6" [stack: 0x0000009c48500000,0x0000009c48600000] [id=19468]
  0x000001f9cd0ec400 GCTaskThread "GC Thread#7" [stack: 0x0000009c48900000,0x0000009c48a00000] [id=16348]

Threads with active compile tasks:
C2 CompilerThread0    16740 11728       4       jdk.internal.org.objectweb.asm.Type::getArgumentsAndReturnSizes (140 bytes)
C2 CompilerThread1    16740 11729       4       jdk.internal.org.objectweb.asm.SymbolTable::addConstantUtf8 (98 bytes)
C2 CompilerThread2    16740 11465       4       org.eclipse.jdt.internal.compiler.lookup.Scope$Substitutor::substitute (850 bytes)

VM state: not at safepoint (normal execution)

VM Mutex/Monitor currently owned by a thread: None

Heap address: 0x00000000c0000000, size: 1024 MB, Compressed Oops mode: 32-bit

CDS archive(s) not mapped
Compressed class space mapped at: 0x0000000100000000-0x0000000140000000, reserved size: 1073741824
Narrow klass base: 0x0000000000000000, Narrow klass shift: 3, Narrow klass range: 0x140000000

GC Precious Log:
 CPUs: 8 total, 8 available
 Memory: 65477M
 Large Page Support: Disabled
 NUMA Support: Disabled
 Compressed Oops: Enabled (32-bit)
 Alignments: Space 512K, Generation 512K, Heap 2M
 Heap Min Capacity: 100M
 Heap Initial Capacity: 100M
 Heap Max Capacity: 1G
 Pre-touch: Disabled
 Parallel Workers: 8

Heap:
 PSYoungGen      total 5120K, used 2803K [0x00000000eab00000, 0x00000000eb580000, 0x0000000100000000)
  eden space 4096K, 46% used [0x00000000eab00000,0x00000000eace0d28,0x00000000eaf00000)
  from space 1024K, 85% used [0x00000000eb480000,0x00000000eb55c030,0x00000000eb580000)
  to   space 2560K, 0% used [0x00000000eb080000,0x00000000eb080000,0x00000000eb300000)
 ParOldGen       total 119296K, used 112152K [0x00000000c0000000, 0x00000000c7480000, 0x00000000eab00000)
  object space 119296K, 94% used [0x00000000c0000000,0x00000000c6d860a8,0x00000000c7480000)
 Metaspace       used 76470K, committed 77824K, reserved 1179648K
  class space    used 8003K, committed 8576K, reserved 1048576K

Card table byte_map: [0x000001f9cec40000,0x000001f9cee50000] _byte_map_base: 0x000001f9ce640000

Marking Bits: (ParMarkBitMap*) 0x00007ff846e4d7d0
 Begin Bits: [0x000001f9e0f40000, 0x000001f9e1f40000)
 End Bits:   [0x000001f9e1f40000, 0x000001f9e2f40000)

Polling page: 0x000001f9cd230000

Metaspace:

Usage:
  Non-class:     66.86 MB used.
      Class:      7.82 MB used.
       Both:     74.68 MB used.

Virtual space:
  Non-class space:      128.00 MB reserved,      67.62 MB ( 53%) committed,  2 nodes.
      Class space:        1.00 GB reserved,       8.38 MB ( <1%) committed,  1 nodes.
             Both:        1.12 GB reserved,      76.00 MB (  7%) committed. 

Chunk freelists:
   Non-Class:  11.92 MB
       Class:  7.59 MB
        Both:  19.51 MB

MaxMetaspaceSize: unlimited
CompressedClassSpaceSize: 1.00 GB
Initial GC threshold: 21.00 MB
Current GC threshold: 125.62 MB
CDS: off
MetaspaceReclaimPolicy: balanced
 - commit_granule_bytes: 65536.
 - commit_granule_words: 8192.
 - virtual_space_node_default_size: 8388608.
 - enlarge_chunks_in_place: 1.
 - new_chunks_are_fully_committed: 0.
 - uncommit_free_chunks: 1.
 - use_allocation_guard: 0.
 - handle_deallocations: 1.


Internal statistics:

num_allocs_failed_limit: 9.
num_arena_births: 1042.
num_arena_deaths: 14.
num_vsnodes_births: 3.
num_vsnodes_deaths: 0.
num_space_committed: 1216.
num_space_uncommitted: 0.
num_chunks_returned_to_freelist: 23.
num_chunks_taken_from_freelist: 4480.
num_chunk_merges: 14.
num_chunk_splits: 2647.
num_chunks_enlarged: 1343.
num_inconsistent_stats: 0.

CodeHeap 'non-profiled nmethods': size=120000Kb used=7081Kb max_used=7081Kb free=112918Kb
 bounds [0x000001f9d9a10000, 0x000001f9da100000, 0x000001f9e0f40000]
CodeHeap 'profiled nmethods': size=120000Kb used=20961Kb max_used=20961Kb free=99038Kb
 bounds [0x000001f9d1f40000, 0x000001f9d33c0000, 0x000001f9d9470000]
CodeHeap 'non-nmethods': size=5760Kb used=1407Kb max_used=1529Kb free=4352Kb
 bounds [0x000001f9d9470000, 0x000001f9d96e0000, 0x000001f9d9a10000]
 total_blobs=10610 nmethods=9853 adapters=668
 compilation: enabled
              stopped_count=0, restarted_count=0
 full_count=0

Compilation events (20 events):
Event: 16.238 Thread 0x000001f9e84c2840 11671       1       org.eclipse.lsp4j.CodeAction::getKind (5 bytes)
Event: 16.238 Thread 0x000001f9e84c2840 nmethod 11671 0x000001f9da0edd10 code [0x000001f9da0edea0, 0x000001f9da0edf78]
Event: 16.238 Thread 0x000001f9e84c2840 11672       1       org.eclipse.jdt.ls.core.internal.handlers.CodeActionHandler$CodeActionData::getPriority (5 bytes)
Event: 16.238 Thread 0x000001f9e84c2840 nmethod 11672 0x000001f9da0ee010 code [0x000001f9da0ee1a0, 0x000001f9da0ee278]
Event: 16.240 Thread 0x000001f9e982cf10 nmethod 11624% 0x000001f9da0ee310 code [0x000001f9da0ee520, 0x000001f9da0ef650]
Event: 16.240 Thread 0x000001f9e982cf10 11655       4       org.eclipse.jdt.core.dom.ASTNode::setFlags (28 bytes)
Event: 16.241 Thread 0x000001f9e982cf10 nmethod 11655 0x000001f9da0f0110 code [0x000001f9da0f0280, 0x000001f9da0f0338]
Event: 16.241 Thread 0x000001f9e982cf10 11654       4       org.eclipse.jdt.core.dom.ASTNode::<init> (73 bytes)
Event: 16.241 Thread 0x000001f9e982cf10 nmethod 11654 0x000001f9da0f0410 code [0x000001f9da0f05a0, 0x000001f9da0f06d8]
Event: 16.241 Thread 0x000001f9e982cf10 11651       4       org.eclipse.jdt.core.dom.ASTNode::checkNewChild (116 bytes)
Event: 16.243 Thread 0x000001f9e982cf10 nmethod 11651 0x000001f9da0f0810 code [0x000001f9da0f09a0, 0x000001f9da0f0b78]
Event: 16.243 Thread 0x000001f9e982cf10 11649       4       org.eclipse.jdt.internal.compiler.codegen.StackMapFrame::addStackItem (97 bytes)
Event: 16.245 Thread 0x000001f9e982cf10 nmethod 11649 0x000001f9da0f0d90 code [0x000001f9da0f0f20, 0x000001f9da0f12f8]
Event: 16.245 Thread 0x000001f9e982cf10 11638       4       org.eclipse.jdt.internal.compiler.lookup.ReferenceBinding::isAnnotationType (15 bytes)
Event: 16.245 Thread 0x000001f9e982cf10 nmethod 11638 0x000001f9da0f1490 code [0x000001f9da0f1600, 0x000001f9da0f1698]
Event: 16.245 Thread 0x000001f9e982cf10 11639       4       org.eclipse.jdt.internal.core.PackageFragment::equals (56 bytes)
Event: 16.248 Thread 0x000001f9e84ba6b0 nmethod 11647 0x000001f9da0f1790 code [0x000001f9da0f1980, 0x000001f9da0f27f0]
Event: 16.248 Thread 0x000001f9e84ba6b0 11637   !   4       org.eclipse.core.internal.resources.ProjectPreferences::silentLoad (65 bytes)
Event: 16.248 Thread 0x000001f9e982cf10 nmethod 11639 0x000001f9da0f3090 code [0x000001f9da0f3220, 0x000001f9da0f3578]
Event: 16.266 Thread 0x000001f9e84ba6b0 nmethod 11637 0x000001f9da0f3790 code [0x000001f9da0f3a00, 0x000001f9da0f4eb0]

GC Heap History (20 events):
Event: 12.855 GC heap before
{Heap before GC invocations=107 (full 6):
 PSYoungGen      total 5632K, used 5440K [0x00000000eab00000, 0x00000000eb300000, 0x0000000100000000)
  eden space 3072K, 100% used [0x00000000eab00000,0x00000000eae00000,0x00000000eae00000)
  from space 2560K, 92% used [0x00000000eae00000,0x00000000eb050230,0x00000000eb080000)
  to   space 2560K, 0% used [0x00000000eb080000,0x00000000eb080000,0x00000000eb300000)
 ParOldGen       total 119296K, used 99758K [0x00000000c0000000, 0x00000000c7480000, 0x00000000eab00000)
  object space 119296K, 83% used [0x00000000c0000000,0x00000000c616b8f0,0x00000000c7480000)
 Metaspace       used 75864K, committed 77248K, reserved 1179648K
  class space    used 7949K, committed 8512K, reserved 1048576K
}
Event: 12.856 GC heap after
{Heap after GC invocations=107 (full 6):
 PSYoungGen      total 6144K, used 1346K [0x00000000eab00000, 0x00000000eb300000, 0x0000000100000000)
  eden space 3584K, 0% used [0x00000000eab00000,0x00000000eab00000,0x00000000eae80000)
  from space 2560K, 52% used [0x00000000eb080000,0x00000000eb1d0828,0x00000000eb300000)
  to   space 2048K, 0% used [0x00000000eae80000,0x00000000eae80000,0x00000000eb080000)
 ParOldGen       total 119296K, used 99798K [0x00000000c0000000, 0x00000000c7480000, 0x00000000eab00000)
  object space 119296K, 83% used [0x00000000c0000000,0x00000000c61758f0,0x00000000c7480000)
 Metaspace       used 75864K, committed 77248K, reserved 1179648K
  class space    used 7949K, committed 8512K, reserved 1048576K
}
Event: 12.863 GC heap before
{Heap before GC invocations=108 (full 6):
 PSYoungGen      total 6144K, used 4930K [0x00000000eab00000, 0x00000000eb300000, 0x0000000100000000)
  eden space 3584K, 100% used [0x00000000eab00000,0x00000000eae80000,0x00000000eae80000)
  from space 2560K, 52% used [0x00000000eb080000,0x00000000eb1d0828,0x00000000eb300000)
  to   space 2048K, 0% used [0x00000000eae80000,0x00000000eae80000,0x00000000eb080000)
 ParOldGen       total 119296K, used 99798K [0x00000000c0000000, 0x00000000c7480000, 0x00000000eab00000)
  object space 119296K, 83% used [0x00000000c0000000,0x00000000c61758f0,0x00000000c7480000)
 Metaspace       used 75868K, committed 77248K, reserved 1179648K
  class space    used 7949K, committed 8512K, reserved 1048576K
}
Event: 12.865 GC heap after
{Heap after GC invocations=108 (full 6):
 PSYoungGen      total 5632K, used 2048K [0x00000000eab00000, 0x00000000eb980000, 0x0000000100000000)
  eden space 3584K, 0% used [0x00000000eab00000,0x00000000eab00000,0x00000000eae80000)
  from space 2048K, 100% used [0x00000000eae80000,0x00000000eb080000,0x00000000eb080000)
  to   space 5120K, 0% used [0x00000000eb480000,0x00000000eb480000,0x00000000eb980000)
 ParOldGen       total 119296K, used 102153K [0x00000000c0000000, 0x00000000c7480000, 0x00000000eab00000)
  object space 119296K, 85% used [0x00000000c0000000,0x00000000c63c25a8,0x00000000c7480000)
 Metaspace       used 75868K, committed 77248K, reserved 1179648K
  class space    used 7949K, committed 8512K, reserved 1048576K
}
Event: 12.871 GC heap before
{Heap before GC invocations=109 (full 6):
 PSYoungGen      total 5632K, used 5632K [0x00000000eab00000, 0x00000000eb980000, 0x0000000100000000)
  eden space 3584K, 100% used [0x00000000eab00000,0x00000000eae80000,0x00000000eae80000)
  from space 2048K, 100% used [0x00000000eae80000,0x00000000eb080000,0x00000000eb080000)
  to   space 5120K, 0% used [0x00000000eb480000,0x00000000eb480000,0x00000000eb980000)
 ParOldGen       total 119296K, used 102153K [0x00000000c0000000, 0x00000000c7480000, 0x00000000eab00000)
  object space 119296K, 85% used [0x00000000c0000000,0x00000000c63c25a8,0x00000000c7480000)
 Metaspace       used 75881K, committed 77248K, reserved 1179648K
  class space    used 7949K, committed 8512K, reserved 1048576K
}
Event: 12.874 GC heap after
{Heap after GC invocations=109 (full 6):
 PSYoungGen      total 8192K, used 3264K [0x00000000eab00000, 0x00000000eb800000, 0x0000000100000000)
  eden space 4608K, 0% used [0x00000000eab00000,0x00000000eab00000,0x00000000eaf80000)
  from space 3584K, 91% used [0x00000000eb480000,0x00000000eb7b0230,0x00000000eb800000)
  to   space 4096K, 0% used [0x00000000eb000000,0x00000000eb000000,0x00000000eb400000)
 ParOldGen       total 119296K, used 104057K [0x00000000c0000000, 0x00000000c7480000, 0x00000000eab00000)
  object space 119296K, 87% used [0x00000000c0000000,0x00000000c659e5a8,0x00000000c7480000)
 Metaspace       used 75881K, committed 77248K, reserved 1179648K
  class space    used 7949K, committed 8512K, reserved 1048576K
}
Event: 12.891 GC heap before
{Heap before GC invocations=110 (full 6):
 PSYoungGen      total 8192K, used 7872K [0x00000000eab00000, 0x00000000eb800000, 0x0000000100000000)
  eden space 4608K, 100% used [0x00000000eab00000,0x00000000eaf80000,0x00000000eaf80000)
  from space 3584K, 91% used [0x00000000eb480000,0x00000000eb7b0230,0x00000000eb800000)
  to   space 4096K, 0% used [0x00000000eb000000,0x00000000eb000000,0x00000000eb400000)
 ParOldGen       total 119296K, used 104057K [0x00000000c0000000, 0x00000000c7480000, 0x00000000eab00000)
  object space 119296K, 87% used [0x00000000c0000000,0x00000000c659e5a8,0x00000000c7480000)
 Metaspace       used 75895K, committed 77248K, reserved 1179648K
  class space    used 7949K, committed 8512K, reserved 1048576K
}
Event: 12.892 GC heap after
{Heap after GC invocations=110 (full 6):
 PSYoungGen      total 8704K, used 3682K [0x00000000eab00000, 0x00000000eb780000, 0x0000000100000000)
  eden space 4608K, 0% used [0x00000000eab00000,0x00000000eab00000,0x00000000eaf80000)
  from space 4096K, 89% used [0x00000000eb000000,0x00000000eb398828,0x00000000eb400000)
  to   space 3584K, 0% used [0x00000000eb400000,0x00000000eb400000,0x00000000eb780000)
 ParOldGen       total 119296K, used 104097K [0x00000000c0000000, 0x00000000c7480000, 0x00000000eab00000)
  object space 119296K, 87% used [0x00000000c0000000,0x00000000c65a85a8,0x00000000c7480000)
 Metaspace       used 75895K, committed 77248K, reserved 1179648K
  class space    used 7949K, committed 8512K, reserved 1048576K
}
Event: 12.902 GC heap before
{Heap before GC invocations=111 (full 6):
 PSYoungGen      total 8704K, used 8290K [0x00000000eab00000, 0x00000000eb780000, 0x0000000100000000)
  eden space 4608K, 100% used [0x00000000eab00000,0x00000000eaf80000,0x00000000eaf80000)
  from space 4096K, 89% used [0x00000000eb000000,0x00000000eb398828,0x00000000eb400000)
  to   space 3584K, 0% used [0x00000000eb400000,0x00000000eb400000,0x00000000eb780000)
 ParOldGen       total 119296K, used 104097K [0x00000000c0000000, 0x00000000c7480000, 0x00000000eab00000)
  object space 119296K, 87% used [0x00000000c0000000,0x00000000c65a85a8,0x00000000c7480000)
 Metaspace       used 75895K, committed 77248K, reserved 1179648K
  class space    used 7949K, committed 8512K, reserved 1048576K
}
Event: 12.903 GC heap after
{Heap after GC invocations=111 (full 6):
 PSYoungGen      total 8192K, used 3072K [0x00000000eab00000, 0x00000000eb780000, 0x0000000100000000)
  eden space 4608K, 0% used [0x00000000eab00000,0x00000000eab00000,0x00000000eaf80000)
  from space 3584K, 85% used [0x00000000eb400000,0x00000000eb700230,0x00000000eb780000)
  to   space 3584K, 0% used [0x00000000eb080000,0x00000000eb080000,0x00000000eb400000)
 ParOldGen       total 119296K, used 104864K [0x00000000c0000000, 0x00000000c7480000, 0x00000000eab00000)
  object space 119296K, 87% used [0x00000000c0000000,0x00000000c6668020,0x00000000c7480000)
 Metaspace       used 75895K, committed 77248K, reserved 1179648K
  class space    used 7949K, committed 8512K, reserved 1048576K
}
Event: 15.646 GC heap before
{Heap before GC invocations=112 (full 6):
 PSYoungGen      total 8192K, used 7672K [0x00000000eab00000, 0x00000000eb780000, 0x0000000100000000)
  eden space 4608K, 99% used [0x00000000eab00000,0x00000000eaf7e0c0,0x00000000eaf80000)
  from space 3584K, 85% used [0x00000000eb400000,0x00000000eb700230,0x00000000eb780000)
  to   space 3584K, 0% used [0x00000000eb080000,0x00000000eb080000,0x00000000eb400000)
 ParOldGen       total 119296K, used 104864K [0x00000000c0000000, 0x00000000c7480000, 0x00000000eab00000)
  object space 119296K, 87% used [0x00000000c0000000,0x00000000c6668020,0x00000000c7480000)
 Metaspace       used 76022K, committed 77312K, reserved 1179648K
  class space    used 7953K, committed 8512K, reserved 1048576K
}
Event: 15.647 GC heap after
{Heap after GC invocations=112 (full 6):
 PSYoungGen      total 5632K, used 800K [0x00000000eab00000, 0x00000000eb480000, 0x0000000100000000)
  eden space 4608K, 0% used [0x00000000eab00000,0x00000000eab00000,0x00000000eaf80000)
  from space 1024K, 78% used [0x00000000eb080000,0x00000000eb148020,0x00000000eb180000)
  to   space 2048K, 0% used [0x00000000eb280000,0x00000000eb280000,0x00000000eb480000)
 ParOldGen       total 119296K, used 104880K [0x00000000c0000000, 0x00000000c7480000, 0x00000000eab00000)
  object space 119296K, 87% used [0x00000000c0000000,0x00000000c666c020,0x00000000c7480000)
 Metaspace       used 76022K, committed 77312K, reserved 1179648K
  class space    used 7953K, committed 8512K, reserved 1048576K
}
Event: 15.734 GC heap before
{Heap before GC invocations=113 (full 6):
 PSYoungGen      total 5632K, used 5115K [0x00000000eab00000, 0x00000000eb480000, 0x0000000100000000)
  eden space 4608K, 93% used [0x00000000eab00000,0x00000000eaf36f98,0x00000000eaf80000)
  from space 1024K, 78% used [0x00000000eb080000,0x00000000eb148020,0x00000000eb180000)
  to   space 2048K, 0% used [0x00000000eb280000,0x00000000eb280000,0x00000000eb480000)
 ParOldGen       total 119296K, used 104880K [0x00000000c0000000, 0x00000000c7480000, 0x00000000eab00000)
  object space 119296K, 87% used [0x00000000c0000000,0x00000000c666c020,0x00000000c7480000)
 Metaspace       used 76123K, committed 77440K, reserved 1179648K
  class space    used 7964K, committed 8512K, reserved 1048576K
}
Event: 15.735 GC heap after
{Heap after GC invocations=113 (full 6):
 PSYoungGen      total 5120K, used 286K [0x00000000eab00000, 0x00000000eb300000, 0x0000000100000000)
  eden space 4608K, 0% used [0x00000000eab00000,0x00000000eab00000,0x00000000eaf80000)
  from space 512K, 55% used [0x00000000eb280000,0x00000000eb2c7ab0,0x00000000eb300000)
  to   space 1024K, 0% used [0x00000000eb100000,0x00000000eb100000,0x00000000eb200000)
 ParOldGen       total 119296K, used 105550K [0x00000000c0000000, 0x00000000c7480000, 0x00000000eab00000)
  object space 119296K, 88% used [0x00000000c0000000,0x00000000c67139d0,0x00000000c7480000)
 Metaspace       used 76123K, committed 77440K, reserved 1179648K
  class space    used 7964K, committed 8512K, reserved 1048576K
}
Event: 16.019 GC heap before
{Heap before GC invocations=114 (full 6):
 PSYoungGen      total 5120K, used 4894K [0x00000000eab00000, 0x00000000eb300000, 0x0000000100000000)
  eden space 4608K, 99% used [0x00000000eab00000,0x00000000eaf7fff8,0x00000000eaf80000)
  from space 512K, 55% used [0x00000000eb280000,0x00000000eb2c7ab0,0x00000000eb300000)
  to   space 1024K, 0% used [0x00000000eb100000,0x00000000eb100000,0x00000000eb200000)
 ParOldGen       total 119296K, used 105550K [0x00000000c0000000, 0x00000000c7480000, 0x00000000eab00000)
  object space 119296K, 88% used [0x00000000c0000000,0x00000000c67139d0,0x00000000c7480000)
 Metaspace       used 76144K, committed 77440K, reserved 1179648K
  class space    used 7964K, committed 8512K, reserved 1048576K
}
Event: 16.020 GC heap after
{Heap after GC invocations=114 (full 6):
 PSYoungGen      total 5632K, used 487K [0x00000000eab00000, 0x00000000eb300000, 0x0000000100000000)
  eden space 4608K, 0% used [0x00000000eab00000,0x00000000eab00000,0x00000000eaf80000)
  from space 1024K, 47% used [0x00000000eb100000,0x00000000eb179f28,0x00000000eb200000)
  to   space 1024K, 0% used [0x00000000eb200000,0x00000000eb200000,0x00000000eb300000)
 ParOldGen       total 119296K, used 105693K [0x00000000c0000000, 0x00000000c7480000, 0x00000000eab00000)
  object space 119296K, 88% used [0x00000000c0000000,0x00000000c6737460,0x00000000c7480000)
 Metaspace       used 76144K, committed 77440K, reserved 1179648K
  class space    used 7964K, committed 8512K, reserved 1048576K
}
Event: 16.214 GC heap before
{Heap before GC invocations=115 (full 6):
 PSYoungGen      total 5632K, used 5095K [0x00000000eab00000, 0x00000000eb300000, 0x0000000100000000)
  eden space 4608K, 100% used [0x00000000eab00000,0x00000000eaf80000,0x00000000eaf80000)
  from space 1024K, 47% used [0x00000000eb100000,0x00000000eb179f28,0x00000000eb200000)
  to   space 1024K, 0% used [0x00000000eb200000,0x00000000eb200000,0x00000000eb300000)
 ParOldGen       total 119296K, used 105693K [0x00000000c0000000, 0x00000000c7480000, 0x00000000eab00000)
  object space 119296K, 88% used [0x00000000c0000000,0x00000000c6737460,0x00000000c7480000)
 Metaspace       used 76182K, committed 77504K, reserved 1179648K
  class space    used 7964K, committed 8512K, reserved 1048576K
}
Event: 16.215 GC heap after
{Heap after GC invocations=115 (full 6):
 PSYoungGen      total 5120K, used 1020K [0x00000000eab00000, 0x00000000eb580000, 0x0000000100000000)
  eden space 4096K, 0% used [0x00000000eab00000,0x00000000eab00000,0x00000000eaf00000)
  from space 1024K, 99% used [0x00000000eb200000,0x00000000eb2ff2d0,0x00000000eb300000)
  to   space 3072K, 0% used [0x00000000eaf00000,0x00000000eaf00000,0x00000000eb200000)
 ParOldGen       total 119296K, used 107108K [0x00000000c0000000, 0x00000000c7480000, 0x00000000eab00000)
  object space 119296K, 89% used [0x00000000c0000000,0x00000000c6899398,0x00000000c7480000)
 Metaspace       used 76182K, committed 77504K, reserved 1179648K
  class space    used 7964K, committed 8512K, reserved 1048576K
}
Event: 16.221 GC heap before
{Heap before GC invocations=116 (full 6):
 PSYoungGen      total 5120K, used 5116K [0x00000000eab00000, 0x00000000eb580000, 0x0000000100000000)
  eden space 4096K, 100% used [0x00000000eab00000,0x00000000eaf00000,0x00000000eaf00000)
  from space 1024K, 99% used [0x00000000eb200000,0x00000000eb2ff2d0,0x00000000eb300000)
  to   space 3072K, 0% used [0x00000000eaf00000,0x00000000eaf00000,0x00000000eb200000)
 ParOldGen       total 119296K, used 107108K [0x00000000c0000000, 0x00000000c7480000, 0x00000000eab00000)
  object space 119296K, 89% used [0x00000000c0000000,0x00000000c6899398,0x00000000c7480000)
 Metaspace       used 76182K, committed 77504K, reserved 1179648K
  class space    used 7964K, committed 8512K, reserved 1048576K
}
Event: 16.222 GC heap after
{Heap after GC invocations=116 (full 6):
 PSYoungGen      total 7168K, used 3072K [0x00000000eab00000, 0x00000000eba00000, 0x0000000100000000)
  eden space 4096K, 0% used [0x00000000eab00000,0x00000000eab00000,0x00000000eaf00000)
  from space 3072K, 100% used [0x00000000eaf00000,0x00000000eb200000,0x00000000eb200000)
  to   space 5632K, 0% used [0x00000000eb480000,0x00000000eb480000,0x00000000eba00000)
 ParOldGen       total 119296K, used 109024K [0x00000000c0000000, 0x00000000c7480000, 0x00000000eab00000)
  object space 119296K, 91% used [0x00000000c0000000,0x00000000c6a780a8,0x00000000c7480000)
 Metaspace       used 76182K, committed 77504K, reserved 1179648K
  class space    used 7964K, committed 8512K, reserved 1048576K
}

Dll operation events (10 events):
Event: 0.006 Loaded shared library c:\Users\Dr Mostafa Elezaby\.vscode\extensions\redhat.java-1.29.0-win32-x64\jre\17.0.10-win32-x86_64\bin\java.dll
Event: 0.094 Loaded shared library c:\Users\Dr Mostafa Elezaby\.vscode\extensions\redhat.java-1.29.0-win32-x64\jre\17.0.10-win32-x86_64\bin\zip.dll
Event: 0.096 Loaded shared library C:\Users\Dr Mostafa Elezaby\.vscode\extensions\redhat.java-1.29.0-win32-x64\jre\17.0.10-win32-x86_64\bin\instrument.dll
Event: 0.104 Loaded shared library C:\Users\Dr Mostafa Elezaby\.vscode\extensions\redhat.java-1.29.0-win32-x64\jre\17.0.10-win32-x86_64\bin\net.dll
Event: 0.105 Loaded shared library C:\Users\Dr Mostafa Elezaby\.vscode\extensions\redhat.java-1.29.0-win32-x64\jre\17.0.10-win32-x86_64\bin\nio.dll
Event: 0.109 Loaded shared library C:\Users\Dr Mostafa Elezaby\.vscode\extensions\redhat.java-1.29.0-win32-x64\jre\17.0.10-win32-x86_64\bin\zip.dll
Event: 0.120 Loaded shared library C:\Users\Dr Mostafa Elezaby\.vscode\extensions\redhat.java-1.29.0-win32-x64\jre\17.0.10-win32-x86_64\bin\jimage.dll
Event: 0.163 Loaded shared library c:\Users\Dr Mostafa Elezaby\.vscode\extensions\redhat.java-1.29.0-win32-x64\jre\17.0.10-win32-x86_64\bin\verify.dll
Event: 1.019 Loaded shared library C:\Users\Dr Mostafa Elezaby\AppData\Roaming\Code\User\globalStorage\redhat.java\1.29.0\config_win\org.eclipse.equinox.launcher\org.eclipse.equinox.launcher.win32.win32.x86_64_1.2.900.v20240213-1244\eclipse_11900.dll
Event: 3.143 Loaded shared library C:\Users\Dr Mostafa Elezaby\AppData\Local\Temp\jna--700125949\jna8158581716681559529.dll

Deoptimization events (20 events):
Event: 15.873 Thread 0x000001f9ebcce040 DEOPT PACKING pc=0x000001f9da0b73cc sp=0x0000009c49afe5b0
Event: 15.873 Thread 0x000001f9ebcce040 DEOPT UNPACKING pc=0x000001f9d94c66a3 sp=0x0000009c49afe5a8 mode 2
Event: 15.966 Thread 0x000001f9ebcd12e0 DEOPT PACKING pc=0x000001f9d27d5ea0 sp=0x0000009c49dfe810
Event: 15.966 Thread 0x000001f9ebcd12e0 DEOPT UNPACKING pc=0x000001f9d94c6e43 sp=0x0000009c49dfdcc8 mode 0
Event: 16.226 Thread 0x000001f9ebcd12e0 Uncommon trap: trap_request=0xffffff6e fr.pc=0x000001f9da0e2c7c relative=0x000000000000009c
Event: 16.226 Thread 0x000001f9ebcd12e0 Uncommon trap: reason=loop_limit_check action=maybe_recompile pc=0x000001f9da0e2c7c method=org.eclipse.jdt.internal.compiler.lookup.BinaryTypeBinding.superInterfaces()[Lorg/eclipse/jdt/internal/compiler/lookup/ReferenceBinding; @ 266 c2
Event: 16.226 Thread 0x000001f9ebcd12e0 DEOPT PACKING pc=0x000001f9da0e2c7c sp=0x0000009c49dfd010
Event: 16.226 Thread 0x000001f9ebcd12e0 DEOPT UNPACKING pc=0x000001f9d94c66a3 sp=0x0000009c49dfd028 mode 2
Event: 16.226 Thread 0x000001f9ebcd12e0 Uncommon trap: trap_request=0xffffff6e fr.pc=0x000001f9da08fd30 relative=0x0000000000003410
Event: 16.226 Thread 0x000001f9ebcd12e0 Uncommon trap: reason=loop_limit_check action=maybe_recompile pc=0x000001f9da08fd30 method=org.eclipse.jdt.internal.compiler.lookup.BinaryTypeBinding.superInterfaces()[Lorg/eclipse/jdt/internal/compiler/lookup/ReferenceBinding; @ 266 c2
Event: 16.226 Thread 0x000001f9ebcd12e0 DEOPT PACKING pc=0x000001f9da08fd30 sp=0x0000009c49dfe180
Event: 16.226 Thread 0x000001f9ebcd12e0 DEOPT UNPACKING pc=0x000001f9d94c66a3 sp=0x0000009c49dfdfe8 mode 2
Event: 16.229 Thread 0x000001f9ebcd12e0 Uncommon trap: trap_request=0xffffffe4 fr.pc=0x000001f9da0ea610 relative=0x00000000000001d0
Event: 16.229 Thread 0x000001f9ebcd12e0 Uncommon trap: reason=range_check action=make_not_entrant pc=0x000001f9da0ea610 method=org.eclipse.jdt.internal.compiler.lookup.Scope.getBaseType([C)Lorg/eclipse/jdt/internal/compiler/lookup/TypeBinding; @ 16 c2
Event: 16.229 Thread 0x000001f9ebcd12e0 DEOPT PACKING pc=0x000001f9da0ea610 sp=0x0000009c49dfdee0
Event: 16.229 Thread 0x000001f9ebcd12e0 DEOPT UNPACKING pc=0x000001f9d94c66a3 sp=0x0000009c49dfde68 mode 2
Event: 16.238 Thread 0x000001f9ebcd12e0 Uncommon trap: trap_request=0xffffffde fr.pc=0x000001f9d9ee81e8 relative=0x0000000000000068
Event: 16.238 Thread 0x000001f9ebcd12e0 Uncommon trap: reason=class_check action=maybe_recompile pc=0x000001f9d9ee81e8 method=java.util.LinkedHashMap.afterNodeInsertion(Z)V @ 15 c2
Event: 16.238 Thread 0x000001f9ebcd12e0 DEOPT PACKING pc=0x000001f9d9ee81e8 sp=0x0000009c49dfed20
Event: 16.238 Thread 0x000001f9ebcd12e0 DEOPT UNPACKING pc=0x000001f9d94c66a3 sp=0x0000009c49dfec98 mode 2

Classes unloaded (7 events):
Event: 2.911 Thread 0x000001f9e8470c20 Unloading class 0x0000000100250400 'java/lang/invoke/LambdaForm$MH+0x0000000100250400'
Event: 2.911 Thread 0x000001f9e8470c20 Unloading class 0x0000000100250000 'java/lang/invoke/LambdaForm$MH+0x0000000100250000'
Event: 2.911 Thread 0x000001f9e8470c20 Unloading class 0x000000010024fc00 'java/lang/invoke/LambdaForm$MH+0x000000010024fc00'
Event: 2.911 Thread 0x000001f9e8470c20 Unloading class 0x000000010024f800 'java/lang/invoke/LambdaForm$MH+0x000000010024f800'
Event: 2.911 Thread 0x000001f9e8470c20 Unloading class 0x000000010024f400 'java/lang/invoke/LambdaForm$BMH+0x000000010024f400'
Event: 2.911 Thread 0x000001f9e8470c20 Unloading class 0x000000010024f000 'java/lang/invoke/LambdaForm$DMH+0x000000010024f000'
Event: 2.911 Thread 0x000001f9e8470c20 Unloading class 0x000000010024c400 'java/lang/invoke/LambdaForm$DMH+0x000000010024c400'

Classes redefined (0 events):
No events

Internal exceptions (20 events):
Event: 8.731 Thread 0x000001f9ebccea60 Exception <a 'java/lang/NoSuchMethodError'{0x00000000eab8f510}: 'java.lang.Object java.lang.invoke.DirectMethodHandle$Holder.invokeSpecial(java.lang.Object, java.lang.Object, int, long)'> (0x00000000eab8f510) 
thrown [s\src\hotspot\share\interpreter\linkResolver.cpp, line 759]
Event: 8.732 Thread 0x000001f9ebcd03b0 Exception <a 'java/lang/NoSuchMethodError'{0x00000000eab49440}: 'java.lang.Object java.lang.invoke.DirectMethodHandle$Holder.newInvokeSpecial(java.lang.Object, java.lang.Object, int, java.lang.Object, java.lang.Object)'> (0x00000000eab49440) 
thrown [s\src\hotspot\share\interpreter\linkResolver.cpp, line 759]
Event: 8.732 Thread 0x000001f9ebcd03b0 Exception <a 'java/lang/NoSuchMethodError'{0x00000000eabd13f8}: 'java.lang.Object java.lang.invoke.Invokers$Holder.linkToTargetMethod(java.lang.Object, int, java.lang.Object, java.lang.Object, java.lang.Object)'> (0x00000000eabd13f8) 
thrown [s\src\hotspot\share\interpreter\linkResolver.cpp, line 759]
Event: 8.782 Thread 0x000001f9ebcd03b0 Exception <a 'java/lang/NoSuchMethodError'{0x00000000eb1df0c0}: 'java.lang.Object java.lang.invoke.DirectMethodHandle$Holder.invokeStatic(java.lang.Object, java.lang.Object, int, java.lang.Object, java.lang.Object)'> (0x00000000eb1df0c0) 
thrown [s\src\hotspot\share\interpreter\linkResolver.cpp, line 759]
Event: 8.806 Thread 0x000001f9ebcd03b0 Exception <a 'java/lang/NoSuchMethodError'{0x00000000eabb2da0}: 'void java.lang.invoke.DirectMethodHandle$Holder.invokeStatic(java.lang.Object, int)'> (0x00000000eabb2da0) 
thrown [s\src\hotspot\share\interpreter\linkResolver.cpp, line 759]
Event: 8.900 Thread 0x000001f9ebcd03b0 Exception <a 'java/io/FileNotFoundException'{0x00000000eb0efd88}> (0x00000000eb0efd88) 
thrown [s\src\hotspot\share\prims\jni.cpp, line 516]
Event: 8.900 Thread 0x000001f9ebcd03b0 Exception <a 'java/io/FileNotFoundException'{0x00000000eb0f1080}> (0x00000000eb0f1080) 
thrown [s\src\hotspot\share\prims\jni.cpp, line 516]
Event: 8.900 Thread 0x000001f9ebcd03b0 Exception <a 'java/io/FileNotFoundException'{0x00000000eb0f20c8}> (0x00000000eb0f20c8) 
thrown [s\src\hotspot\share\prims\jni.cpp, line 516]
Event: 9.140 Thread 0x000001f9ebcd03b0 Exception <a 'java/lang/NoSuchMethodError'{0x00000000eac26780}: 'java.lang.Object java.lang.invoke.DirectMethodHandle$Holder.invokeVirtual(java.lang.Object, java.lang.Object, java.lang.Object)'> (0x00000000eac26780) 
thrown [s\src\hotspot\share\interpreter\linkResolver.cpp, line 759]
Event: 9.273 Thread 0x000001f9ea3cff90 Exception <a 'sun/nio/fs/WindowsException'{0x00000000eac9d1c0}> (0x00000000eac9d1c0) 
thrown [s\src\hotspot\share\prims\jni.cpp, line 516]
Event: 9.280 Thread 0x000001f9ea3cff90 Exception <a 'sun/nio/fs/WindowsException'{0x00000000ead23d50}> (0x00000000ead23d50) 
thrown [s\src\hotspot\share\prims\jni.cpp, line 516]
Event: 9.324 Thread 0x000001f9ebcccc00 Exception <a 'java/lang/NoSuchMethodError'{0x00000000eaf9be60}: 'void java.lang.invoke.DirectMethodHandle$Holder.invokeSpecial(java.lang.Object, java.lang.Object, java.lang.Object, java.lang.Object, java.lang.Object)'> (0x00000000eaf9be60) 
thrown [s\src\hotspot\share\interpreter\linkResolver.cpp, line 759]
Event: 9.815 Thread 0x000001f9ebcd03b0 Exception <a 'java/lang/ArrayIndexOutOfBoundsException'{0x00000000eacaf220}: Index 27546 out of bounds for length 27545> (0x00000000eacaf220) 
thrown [s\src\hotspot\share\interpreter\interpreterRuntime.cpp, line 428]
Event: 10.397 Thread 0x000001f9ebcce040 Implicit null exception at 0x000001f9d9fe1c50 to 0x000001f9d9fe43bf
Event: 10.838 Thread 0x000001f9ebcd2720 Exception <a 'java/lang/NoSuchMethodError'{0x00000000eab68510}: 'java.lang.Object java.lang.invoke.DirectMethodHandle$Holder.invokeStatic(java.lang.Object, int, java.lang.Object, java.lang.Object, java.lang.Object, java.lang.Object)'> (0x00000000eab68510) 
thrown [s\src\hotspot\share\interpreter\linkResolver.cpp, line 759]
Event: 10.888 Thread 0x000001f9ebcd2720 Exception <a 'java/lang/NoSuchMethodError'{0x00000000eace3ba8}: 'void java.lang.invoke.DirectMethodHandle$Holder.invokeSpecial(java.lang.Object, java.lang.Object, int)'> (0x00000000eace3ba8) 
thrown [s\src\hotspot\share\interpreter\linkResolver.cpp, line 759]
Event: 10.927 Thread 0x000001f9ebcd2720 Exception <a 'java/lang/NoSuchMethodError'{0x00000000eacbfe08}: 'java.lang.Object java.lang.invoke.DirectMethodHandle$Holder.invokeSpecial(java.lang.Object, java.lang.Object, long, java.lang.Object, java.lang.Object, java.lang.Object, java.lang.Object, java.lang.Object, java.lang.Object, java.lang.Object, java.lang.Object, java.lang.Object)'> (0x00000000eacbfe08) 
thrown [s\src\hotspot\share\interpreter\linkResolver.cpp, line 759]
Event: 10.927 Thread 0x000001f9ebcd2720 Exception <a 'java/lang/NoSuchMethodError'{0x00000000eacc4350}: 'java.lang.Object java.lang.invoke.DelegatingMethodHandle$Holder.reinvoke_L(java.lang.Object, long, java.lang.Object, java.lang.Object, java.lang.Object, java.lang.Object, java.lang.Object, java.lang.Object, java.lang.Object, java.lang.Object, java.lang.Object)'> (0x00000000eacc4350) 
thrown [s\src\hotspot\share\interpreter\linkResolver.cpp, line 759]
Event: 10.928 Thread 0x000001f9ebcd2720 Exception <a 'java/lang/NoSuchMethodError'{0x00000000eacf24d8}: 'java.lang.Object java.lang.invoke.Invokers$Holder.linkToTargetMethod(java.lang.Object, java.lang.Object, java.lang.Object, java.lang.Object, java.lang.Object, java.lang.Object, java.lang.Object, java.lang.Object, java.lang.Object, java.lang.Object)'> (0x00000000eacf24d8) 
thrown [s\src\hotspot\share\interpreter\linkResolver.cpp, line 759]
Event: 15.873 Thread 0x000001f9ebcce040 Implicit null exception at 0x000001f9da0b4c52 to 0x000001f9da0b73b4

VM Operations (20 events):
Event: 12.863 Executing VM operation: ParallelGCFailedAllocation
Event: 12.865 Executing VM operation: ParallelGCFailedAllocation done
Event: 12.871 Executing VM operation: ParallelGCFailedAllocation
Event: 12.875 Executing VM operation: ParallelGCFailedAllocation done
Event: 12.890 Executing VM operation: ParallelGCFailedAllocation
Event: 12.892 Executing VM operation: ParallelGCFailedAllocation done
Event: 12.902 Executing VM operation: ParallelGCFailedAllocation
Event: 12.903 Executing VM operation: ParallelGCFailedAllocation done
Event: 14.903 Executing VM operation: Cleanup
Event: 14.903 Executing VM operation: Cleanup done
Event: 15.646 Executing VM operation: ParallelGCFailedAllocation
Event: 15.647 Executing VM operation: ParallelGCFailedAllocation done
Event: 15.734 Executing VM operation: ParallelGCFailedAllocation
Event: 15.735 Executing VM operation: ParallelGCFailedAllocation done
Event: 16.019 Executing VM operation: ParallelGCFailedAllocation
Event: 16.020 Executing VM operation: ParallelGCFailedAllocation done
Event: 16.214 Executing VM operation: ParallelGCFailedAllocation
Event: 16.215 Executing VM operation: ParallelGCFailedAllocation done
Event: 16.221 Executing VM operation: ParallelGCFailedAllocation
Event: 16.223 Executing VM operation: ParallelGCFailedAllocation done

Events (20 events):
Event: 11.404 Thread 0x000001f9e84c7590 flushing nmethod 0x000001f9d22c1f90
Event: 11.404 Thread 0x000001f9e84c7590 flushing nmethod 0x000001f9d22c3510
Event: 11.405 Thread 0x000001f9e84c7590 flushing nmethod 0x000001f9d2576b10
Event: 11.405 Thread 0x000001f9e84c7590 flushing nmethod 0x000001f9d257cb90
Event: 11.406 Thread 0x000001f9e84c7590 flushing nmethod 0x000001f9d26e0010
Event: 11.406 Thread 0x000001f9e84c7590 flushing nmethod 0x000001f9d2714b90
Event: 11.408 Thread 0x000001f9e84c7590 flushing nmethod 0x000001f9d2aa9010
Event: 11.411 Thread 0x000001f9e84c7590 flushing nmethod 0x000001f9d3162c10
Event: 11.411 Thread 0x000001f9e84c7590 flushing nmethod 0x000001f9d3166d90
Event: 11.750 Thread 0x000001f9e982c470 Thread exited: 0x000001f9e982c470
Event: 11.768 Thread 0x000001f9e98284b0 Thread added: 0x000001f9e98284b0
Event: 12.496 Thread 0x000001f9e98284b0 Thread exited: 0x000001f9e98284b0
Event: 12.499 Thread 0x000001f9e98284b0 Thread added: 0x000001f9e98284b0
Event: 12.846 Thread 0x000001f9e98284b0 Thread exited: 0x000001f9e98284b0
Event: 12.849 Thread 0x000001f9e982c470 Thread added: 0x000001f9e982c470
Event: 14.317 Thread 0x000001f9e982c470 Thread exited: 0x000001f9e982c470
Event: 14.317 Thread 0x000001f9ebccd110 Thread exited: 0x000001f9ebccd110
Event: 15.566 Thread 0x000001f9e98294a0 Thread exited: 0x000001f9e98294a0
Event: 15.619 Thread 0x000001f9e982cf10 Thread added: 0x000001f9e982cf10
Event: 15.622 Thread 0x000001f9e982d9b0 Thread added: 0x000001f9e982d9b0


Dynamic libraries:
0x00007ff720670000 - 0x00007ff72067e000 	c:\Users\Dr Mostafa Elezaby\.vscode\extensions\redhat.java-1.29.0-win32-x64\jre\17.0.10-win32-x86_64\bin\java.exe
0x00007ff8ae860000 - 0x00007ff8aea69000 	C:\WINDOWS\SYSTEM32\ntdll.dll
0x00007ff8ad870000 - 0x00007ff8ad92e000 	C:\WINDOWS\System32\KERNEL32.DLL
0x00007ff8abdc0000 - 0x00007ff8ac143000 	C:\WINDOWS\System32\KERNELBASE.dll
0x00007ff8ac5b0000 - 0x00007ff8ac6c1000 	C:\WINDOWS\System32\ucrtbase.dll
0x00007ff846fb0000 - 0x00007ff846fcb000 	c:\Users\Dr Mostafa Elezaby\.vscode\extensions\redhat.java-1.29.0-win32-x64\jre\17.0.10-win32-x86_64\bin\VCRUNTIME140.dll
0x00007ff854950000 - 0x00007ff854967000 	c:\Users\Dr Mostafa Elezaby\.vscode\extensions\redhat.java-1.29.0-win32-x64\jre\17.0.10-win32-x86_64\bin\jli.dll
0x00007ff8ad990000 - 0x00007ff8adb3d000 	C:\WINDOWS\System32\USER32.dll
0x00007ff895cf0000 - 0x00007ff895f95000 	C:\WINDOWS\WinSxS\amd64_microsoft.windows.common-controls_6595b64144ccf1df_6.0.22000.120_none_9d947278b86cc467\COMCTL32.dll
0x00007ff8abd10000 - 0x00007ff8abd36000 	C:\WINDOWS\System32\win32u.dll
0x00007ff8add80000 - 0x00007ff8ade23000 	C:\WINDOWS\System32\msvcrt.dll
0x00007ff8adcf0000 - 0x00007ff8add19000 	C:\WINDOWS\System32\GDI32.dll
0x00007ff8ac150000 - 0x00007ff8ac26a000 	C:\WINDOWS\System32\gdi32full.dll
0x00007ff8ac510000 - 0x00007ff8ac5ad000 	C:\WINDOWS\System32\msvcp_win.dll
0x00007ff8add40000 - 0x00007ff8add71000 	C:\WINDOWS\System32\IMM32.DLL
0x00007ff88cc00000 - 0x00007ff88cc0c000 	c:\Users\Dr Mostafa Elezaby\.vscode\extensions\redhat.java-1.29.0-win32-x64\jre\17.0.10-win32-x86_64\bin\vcruntime140_1.dll
0x00007ff846f20000 - 0x00007ff846fad000 	c:\Users\Dr Mostafa Elezaby\.vscode\extensions\redhat.java-1.29.0-win32-x64\jre\17.0.10-win32-x86_64\bin\msvcp140.dll
0x00007ff8462b0000 - 0x00007ff846f12000 	c:\Users\Dr Mostafa Elezaby\.vscode\extensions\redhat.java-1.29.0-win32-x64\jre\17.0.10-win32-x86_64\bin\server\jvm.dll
0x00007ff8adc20000 - 0x00007ff8adcce000 	C:\WINDOWS\System32\ADVAPI32.dll
0x00007ff8acd70000 - 0x00007ff8ace0e000 	C:\WINDOWS\System32\sechost.dll
0x00007ff8ac780000 - 0x00007ff8ac8a1000 	C:\WINDOWS\System32\RPCRT4.dll
0x00007ff8ab7c0000 - 0x00007ff8ab80d000 	C:\WINDOWS\SYSTEM32\POWRPROF.dll
0x00007ff88b980000 - 0x00007ff88b989000 	C:\WINDOWS\SYSTEM32\WSOCK32.dll
0x00007ff8a0b60000 - 0x00007ff8a0b93000 	C:\WINDOWS\SYSTEM32\WINMM.dll
0x00007ff8a3a30000 - 0x00007ff8a3a3a000 	C:\WINDOWS\SYSTEM32\VERSION.dll
0x00007ff8ac8c0000 - 0x00007ff8ac92f000 	C:\WINDOWS\System32\WS2_32.dll
0x00007ff8ab5f0000 - 0x00007ff8ab603000 	C:\WINDOWS\SYSTEM32\UMPDC.dll
0x00007ff8aad50000 - 0x00007ff8aad68000 	C:\WINDOWS\SYSTEM32\kernel.appcore.dll
0x00007ff879420000 - 0x00007ff87942a000 	c:\Users\Dr Mostafa Elezaby\.vscode\extensions\redhat.java-1.29.0-win32-x64\jre\17.0.10-win32-x86_64\bin\jimage.dll
0x00007ff8a00a0000 - 0x00007ff8a02c1000 	C:\WINDOWS\SYSTEM32\DBGHELP.DLL
0x00007ff88edd0000 - 0x00007ff88ee01000 	C:\WINDOWS\SYSTEM32\dbgcore.DLL
0x00007ff8abd40000 - 0x00007ff8abdbf000 	C:\WINDOWS\System32\bcryptPrimitives.dll
0x00007ff879190000 - 0x00007ff87919e000 	c:\Users\Dr Mostafa Elezaby\.vscode\extensions\redhat.java-1.29.0-win32-x64\jre\17.0.10-win32-x86_64\bin\instrument.dll
0x00007ff846280000 - 0x00007ff8462a5000 	c:\Users\Dr Mostafa Elezaby\.vscode\extensions\redhat.java-1.29.0-win32-x64\jre\17.0.10-win32-x86_64\bin\java.dll
0x00007ff846260000 - 0x00007ff846278000 	c:\Users\Dr Mostafa Elezaby\.vscode\extensions\redhat.java-1.29.0-win32-x64\jre\17.0.10-win32-x86_64\bin\zip.dll
0x00007ff8ace10000 - 0x00007ff8ad5d5000 	C:\WINDOWS\System32\SHELL32.dll
0x00007ff8a9db0000 - 0x00007ff8aa614000 	C:\WINDOWS\SYSTEM32\windows.storage.dll
0x00007ff8ae030000 - 0x00007ff8ae3a6000 	C:\WINDOWS\System32\combase.dll
0x00007ff8a9c40000 - 0x00007ff8a9da7000 	C:\WINDOWS\SYSTEM32\wintypes.dll
0x00007ff8acb70000 - 0x00007ff8acc5a000 	C:\WINDOWS\System32\SHCORE.dll
0x00007ff8acaf0000 - 0x00007ff8acb4d000 	C:\WINDOWS\System32\shlwapi.dll
0x00007ff8abc40000 - 0x00007ff8abc61000 	C:\WINDOWS\SYSTEM32\profapi.dll
0x00007ff846240000 - 0x00007ff846259000 	C:\Users\Dr Mostafa Elezaby\.vscode\extensions\redhat.java-1.29.0-win32-x64\jre\17.0.10-win32-x86_64\bin\net.dll
0x00007ff8a7600000 - 0x00007ff8a7712000 	C:\WINDOWS\SYSTEM32\WINHTTP.dll
0x00007ff8ab1e0000 - 0x00007ff8ab247000 	C:\WINDOWS\system32\mswsock.dll
0x00007ff846220000 - 0x00007ff846236000 	C:\Users\Dr Mostafa Elezaby\.vscode\extensions\redhat.java-1.29.0-win32-x64\jre\17.0.10-win32-x86_64\bin\nio.dll
0x00007ff875fd0000 - 0x00007ff875fe0000 	c:\Users\Dr Mostafa Elezaby\.vscode\extensions\redhat.java-1.29.0-win32-x64\jre\17.0.10-win32-x86_64\bin\verify.dll
0x00007ff846080000 - 0x00007ff8460be000 	C:\Users\Dr Mostafa Elezaby\AppData\Roaming\Code\User\globalStorage\redhat.java\1.29.0\config_win\org.eclipse.equinox.launcher\org.eclipse.equinox.launcher.win32.win32.x86_64_1.2.900.v20240213-1244\eclipse_11900.dll
0x00007ff8ade30000 - 0x00007ff8adfca000 	C:\WINDOWS\System32\ole32.dll
0x00007ff8ab520000 - 0x00007ff8ab538000 	C:\WINDOWS\SYSTEM32\CRYPTSP.dll
0x00007ff8aacb0000 - 0x00007ff8aace5000 	C:\WINDOWS\system32\rsaenh.dll
0x00007ff8ab280000 - 0x00007ff8ab2a9000 	C:\WINDOWS\SYSTEM32\USERENV.dll
0x00007ff8ab680000 - 0x00007ff8ab6a7000 	C:\WINDOWS\SYSTEM32\bcrypt.dll
0x00007ff8ab3d0000 - 0x00007ff8ab3dc000 	C:\WINDOWS\SYSTEM32\CRYPTBASE.dll
0x00007ff8aa870000 - 0x00007ff8aa89d000 	C:\WINDOWS\SYSTEM32\IPHLPAPI.DLL
0x00007ff8acd60000 - 0x00007ff8acd69000 	C:\WINDOWS\System32\NSI.dll
0x00007ff8a7200000 - 0x00007ff8a7219000 	C:\WINDOWS\SYSTEM32\dhcpcsvc6.DLL
0x00007ff8a7c90000 - 0x00007ff8a7cae000 	C:\WINDOWS\SYSTEM32\dhcpcsvc.DLL
0x00007ff8aa8a0000 - 0x00007ff8aa988000 	C:\WINDOWS\SYSTEM32\DNSAPI.dll
0x00007ff843fe0000 - 0x00007ff844025000 	C:\Users\Dr Mostafa Elezaby\AppData\Local\Temp\jna--700125949\jna8158581716681559529.dll
0x00007ff8acb60000 - 0x00007ff8acb68000 	C:\WINDOWS\System32\PSAPI.DLL

dbghelp: loaded successfully - version: 4.0.5 - missing functions: none
symbol engine: initialized successfully - sym options: 0x614 - pdb path: .;c:\Users\Dr Mostafa Elezaby\.vscode\extensions\redhat.java-1.29.0-win32-x64\jre\17.0.10-win32-x86_64\bin;C:\WINDOWS\SYSTEM32;C:\WINDOWS\WinSxS\amd64_microsoft.windows.common-controls_6595b64144ccf1df_6.0.22000.120_none_9d947278b86cc467;c:\Users\Dr Mostafa Elezaby\.vscode\extensions\redhat.java-1.29.0-win32-x64\jre\17.0.10-win32-x86_64\bin\server;C:\Users\Dr Mostafa Elezaby\AppData\Roaming\Code\User\globalStorage\redhat.java\1.29.0\config_win\org.eclipse.equinox.launcher\org.eclipse.equinox.launcher.win32.win32.x86_64_1.2.900.v20240213-1244;C:\Users\Dr Mostafa Elezaby\AppData\Local\Temp\jna--700125949

VM Arguments:
jvm_args: --add-modules=ALL-SYSTEM --add-opens=java.base/java.util=ALL-UNNAMED --add-opens=java.base/java.lang=ALL-UNNAMED --add-opens=java.base/sun.nio.fs=ALL-UNNAMED -Declipse.application=org.eclipse.jdt.ls.core.id1 -Dosgi.bundles.defaultStartLevel=4 -Declipse.product=org.eclipse.jdt.ls.core.product -Djava.import.generatesMetadataFilesAtProjectRoot=false -DDetectVMInstallationsJob.disabled=true -Dfile.encoding=utf8 -XX:+UseParallelGC -XX:GCTimeRatio=4 -XX:AdaptiveSizePolicyWeight=90 -Dsun.zip.disableMemoryMapping=true -Xmx1G -Xms100m -Xlog:disable -javaagent:c:\Users\Dr Mostafa Elezaby\.vscode\extensions\redhat.java-1.29.0-win32-x64\lombok\lombok-1.18.32.jar -XX:+HeapDumpOnOutOfMemoryError -XX:HeapDumpPath=c:\Users\Dr Mostafa Elezaby\AppData\Roaming\Code\User\workspaceStorage\7c0e7d41a39ce3f62b6ceb789c26b3ea\redhat.java -Daether.dependencyCollector.impl=bf 
java_command: c:\Users\Dr Mostafa Elezaby\.vscode\extensions\redhat.java-1.29.0-win32-x64\server\plugins\org.eclipse.equinox.launcher_1.6.800.v20240304-1850.jar -configuration c:\Users\Dr Mostafa Elezaby\AppData\Roaming\Code\User\globalStorage\redhat.java\1.29.0\config_win -data c:\Users\Dr Mostafa Elezaby\AppData\Roaming\Code\User\workspaceStorage\7c0e7d41a39ce3f62b6ceb789c26b3ea\redhat.java\jdt_ws --stdio
java_class_path (initial): c:\Users\Dr Mostafa Elezaby\.vscode\extensions\redhat.java-1.29.0-win32-x64\server\plugins\org.eclipse.equinox.launcher_1.6.800.v20240304-1850.jar
Launcher Type: SUN_STANDARD

[Global flags]
    uintx AdaptiveSizePolicyWeight                 = 90                                        {product} {command line}
     intx CICompilerCount                          = 4                                         {product} {ergonomic}
    uintx GCTimeRatio                              = 4                                         {product} {command line}
     bool HeapDumpOnOutOfMemoryError               = true                                   {manageable} {command line}
    ccstr HeapDumpPath                             = c:\Users\Dr Mostafa Elezaby\AppData\Roaming\Code\User\workspaceStorage\7c0e7d41a39ce3f62b6ceb789c26b3ea\redhat.java         {manageable} {command line}
   size_t InitialHeapSize                          = 104857600                                 {product} {command line}
   size_t MaxHeapSize                              = 1073741824                                {product} {command line}
   size_t MaxNewSize                               = 357564416                                 {product} {ergonomic}
   size_t MinHeapDeltaBytes                        = 524288                                    {product} {ergonomic}
   size_t MinHeapSize                              = 104857600                                 {product} {command line}
   size_t NewSize                                  = 34603008                                  {product} {ergonomic}
    uintx NonNMethodCodeHeapSize                   = 5839372                                {pd product} {ergonomic}
    uintx NonProfiledCodeHeapSize                  = 122909434                              {pd product} {ergonomic}
   size_t OldSize                                  = 70254592                                  {product} {ergonomic}
    uintx ProfiledCodeHeapSize                     = 122909434                              {pd product} {ergonomic}
    uintx ReservedCodeCacheSize                    = 251658240                              {pd product} {ergonomic}
     bool SegmentedCodeCache                       = true                                      {product} {ergonomic}
   size_t SoftMaxHeapSize                          = 1073741824                             {manageable} {ergonomic}
     bool UseCompressedClassPointers               = true                           {product lp64_product} {ergonomic}
     bool UseCompressedOops                        = true                           {product lp64_product} {ergonomic}
     bool UseLargePagesIndividualAllocation        = false                                  {pd product} {ergonomic}
     bool UseParallelGC                            = true                                      {product} {command line}

Logging:
Log output configuration:
 #0: stdout all=off uptime,level,tags
 #1: stderr all=off uptime,level,tags

Environment Variables:
JAVA_HOME=C:\Users\Dr Mostafa Elezaby\AppData\Local\Programs\Eclipse Adoptium\jdk-17.0.5.8-hotspot\
PATH=C:\Program Files (x86)\Razer Chroma SDK\bin;C:\Program Files\Razer Chroma SDK\bin;C:\Python311\Scripts\;C:\Python311\;C:\Program Files\Common Files\Oracle\Java\javapath;C:\ProgramData\Oracle\Java\javapath;C:\Program Files (x86)\Razer\ChromaBroadcast\bin;C:\Program Files\Razer\ChromaBroadcast\bin;C:\Windows\system32;C:\Windows;C:\Windows\System32\Wbem;C:\Windows\System32\WindowsPowerShell\v1.0\;C:\Windows\System32\OpenSSH\;C:\Program Files (x86)\NVIDIA Corporation\PhysX\Common;C:\WINDOWS\system32;C:\WINDOWS;C:\WINDOWS\System32\Wbem;C:\WINDOWS\System32\WindowsPowerShell\v1.0\;C:\WINDOWS\System32\OpenSSH\;C:\Users\Dr Mostafa Elezaby\AppData\Local\Microsoft\WindowsApps;C:\Program Files\dotnet\;C:\WINDOWS\system32;C:\WINDOWS;C:\WINDOWS\System32\Wbem;C:\WINDOWS\System32\WindowsPowerShell\v1.0\;C:\WINDOWS\System32\OpenSSH\;C:\Program Files\NVIDIA Corporation\NVIDIA NvDLISR;C:\Program Files\Git\cmd;C:\Program Files\swipl\bin;C:\ProgramData\chocolatey\bin;C:\Program Files\PowerShell\7\;C:\Program Files\nodejs\;C:\Program Files\Microsoft SQL Server\Client SDK\ODBC\130\Tools\Binn\;C:\Program Files (x86)\Microsoft SQL Server\140\Tools\Binn\;C:\Program Files\Microsoft SQL Server\140\Tools\Binn\;C:\Program Files\Microsoft SQL Server\140\DTS\Binn\;C:\Program Files\Microsoft SQL Server\150\Tools\Binn\;C:\Program Files\Microsoft SQL Server\Client SDK\ODBC\170\Tools\Binn\;C:\Program Files\MongoDB\mongosh-2.0.2-win32-x64\bin;C:\WINDOWS\system32\config\systemprofile\AppData\Local\Microsoft\WindowsApps;C:\Users\Dr Mostafa Elezaby\AppData\Local\Programs\Eclipse Adoptium\jdk-17.0.5.8-hotspot\bin;C:\Users\Dr Mostafa Elezaby\AppData\Local\Microsoft\WindowsApps;C:\Users\Dr Mostafa Elezaby\AppData\Local\spicetify;B:\IntelliJ IDEA 2022.3.1\bin;;C:\Users\Dr Mostafa Elezaby\AppData\Local\Programs\Microsoft VS Code\bin;C:\Users\Dr Mostafa Elezaby\Downloads\w64pl640.exe;C:\Users\Dr Mostafa Elezaby\AppData\Roaming\npm;C:\Users\Dr Mostafa Elezaby\.dotnet\tools;C:\Users\Dr Mostafa Elezaby\AppData\L
USERNAME=Dr Mostafa Elezaby
OS=Windows_NT
PROCESSOR_IDENTIFIER=Intel64 Family 6 Model 158 Stepping 12, GenuineIntel
TMP=C:\Users\DRMOST~1\AppData\Local\Temp
TEMP=C:\Users\DRMOST~1\AppData\Local\Temp



Periodic native trim disabled


---------------  S Y S T E M  ---------------

OS:
 Windows 11 , 64 bit Build 22000 (10.0.22000.1761)
OS uptime: 0 days 0:02 hours
Hyper-V role detected

CPU: total 8 (initial active 8) (8 cores per cpu, 1 threads per core) family 6 model 158 stepping 12 microcode 0xde, cx8, cmov, fxsr, mmx, 3dnowpref, sse, sse2, sse3, ssse3, sse4.1, sse4.2, popcnt, lzcnt, tsc, tscinvbit, avx, avx2, aes, erms, clmul, bmi1, bmi2, rtm, adx, fma, vzeroupper, clflush, clflushopt, hv
Processor Information for all 8 processors :
  Max Mhz: 3600, Current Mhz: 3600, Mhz Limit: 3600

Memory: 4k page, system-wide physical 65477M (54843M free)
TotalPageFile size 69573M (AvailPageFile size 54612M)
current process WorkingSet (physical memory assigned to process): 338M, peak: 411M
current process commit charge ("private bytes"): 380M, peak: 454M

vm_info: OpenJDK 64-Bit Server VM (17.0.10+7) for windows-amd64 JRE (17.0.10+7), built on Jan 16 2024 23:25:11 by "admin" with MS VC++ 16.10 / 16.11 (VS2019)

END.
